#-----------------------------------------------------------
# Vivado v2015.4 (64-bit)
# SW Build 1412921 on Wed Nov 18 09:43:45 MST 2015
# IP Build 1412160 on Tue Nov 17 13:47:24 MST 2015
# Start of session at: Wed Apr 17 17:37:53 2019
# Process ID: 36512
# Current directory: C:/Users/13646/Desktop/project_1
# Command line: vivado.exe -gui_launcher_event rodinguilauncherevent19048 C:\Users\13646\Desktop\project_1\project_1.xpr
# Log file: C:/Users/13646/Desktop/project_1/vivado.log
# Journal file: C:/Users/13646/Desktop/project_1\vivado.jou
#-----------------------------------------------------------
start_gui
open_project C:/Users/13646/Desktop/project_1/project_1.xpr
Scanning sources...
Finished scanning sources
INFO: [IP_Flow 19-234] Refreshing IP repositories
INFO: [IP_Flow 19-1700] Loaded user IP repository 'c:/Users/13646/Downloads/xilinx/Vivado/2015.4/lib/74IP'.
INFO: [IP_Flow 19-1700] Loaded user IP repository 'c:/Users/13646/Downloads/xilinx/Vivado/2015.4/lib/XUP_LIB'.
INFO: [IP_Flow 19-2313] Loaded Vivado IP repository 'C:/Users/13646/Downloads/xilinx/Vivado/2015.4/data/ip'.
CRITICAL WARNING: [IP_Flow 19-1663] Duplicate IP found for 'xilinx.com:xup:xup_nand4:1.0'. The one found in IP location 'c:/Users/13646/Downloads/xilinx/Vivado/2015.4/lib/74IP/xup_nand4_1' will take precedence over the same IP in location c:/Users/13646/Downloads/xilinx/Vivado/2015.4/lib/XUP_LIB/xup_nand4_1.0
open_project: Time (s): cpu = 00:00:21 ; elapsed = 00:00:11 . Memory (MB): peak = 743.668 ; gain = 182.336
open_bd_design {C:/Users/13646/Desktop/project_1/project_1.srcs/sources_1/bd/design_1/design_1.bd}
Adding component instance block -- xilinx.com:XUP:six_not_gate:1.0 - six_not_gate_0
Adding component instance block -- xilinx.com:XUP:four_2_input_and_gate:1.0 - four_2_input_and_gate_0
Adding component instance block -- xilinx.com:XUP:tri_3_input_and_gate:1.0 - tri_3_input_and_gate_1
Adding component instance block -- xilinx.com:xup:xup_or6:1.0 - xup_or6_0
Adding component instance block -- xilinx.com:xup:xup_xor2:1.0 - xup_xor2_0
Adding component instance block -- xilinx.com:XUP:six_not_gate:1.0 - six_not_gate_1
Adding component instance block -- xilinx.com:XUP:four_2_input_and_gate:1.0 - four_2_input_and_gate_1
Adding component instance block -- xilinx.com:xup:xup_and3:1.0 - xup_and3_0
Adding component instance block -- xilinx.com:xup:xup_or4:1.0 - xup_or4_0
Adding component instance block -- xilinx.com:xup:xup_xor2:1.0 - xup_xor2_1
Adding component instance block -- xilinx.com:XUP:six_not_gate:1.0 - six_not_gate_2
Adding component instance block -- xilinx.com:xup:xup_or4:1.0 - xup_or4_1
Adding component instance block -- xilinx.com:XUP:four_2_input_and_gate:1.0 - four_2_input_and_gate_2
Adding component instance block -- xilinx.com:XUP:six_not_gate:1.0 - six_not_gate_3
Adding component instance block -- xilinx.com:xup:xup_xor2:1.0 - xup_xor2_2
Adding component instance block -- xilinx.com:XUP:tri_3_input_and_gate:1.0 - tri_3_input_and_gate_0
Adding component instance block -- xilinx.com:xup:xup_and2:1.0 - xup_and2_0
Adding component instance block -- xilinx.com:xup:xup_or5:1.0 - xup_or5_0
Adding component instance block -- xilinx.com:xup:xup_and2:1.0 - xup_and2_1
Adding component instance block -- xilinx.com:XUP:six_not_gate:1.0 - six_not_gate_4
Adding component instance block -- xilinx.com:XUP:four_2_input_and_gate:1.0 - four_2_input_and_gate_3
Adding component instance block -- xilinx.com:xup:xup_or4:1.0 - xup_or4_2
Adding component instance block -- xilinx.com:XUP:six_not_gate:1.0 - six_not_gate_5
Adding component instance block -- xilinx.com:XUP:four_2_input_and_gate:1.0 - four_2_input_and_gate_4
Adding component instance block -- xilinx.com:xup:xup_or5:1.0 - xup_or5_1
Adding component instance block -- xilinx.com:xup:xup_and3:1.0 - xup_and3_1
Adding component instance block -- xilinx.com:XUP:six_not_gate:1.0 - six_not_gate_6
Adding component instance block -- xilinx.com:XUP:four_2_input_and_gate:1.0 - four_2_input_and_gate_5
INFO: [BD 41-434] Could not find an IP with XCI file by name: design_1_four_2_input_and_gate_4_0 
Adding component instance block -- xilinx.com:xup:xup_and3:1.0 - xup_and3_2
Adding component instance block -- xilinx.com:xup:xup_or5:1.0 - xup_or5_2
Adding component instance block -- xilinx.com:XUP:four_2_input_and_gate:1.0 - four_2_input_and_gate_6
Successfully read diagram <design_1> from BD file <C:/Users/13646/Desktop/project_1/project_1.srcs/sources_1/bd/design_1/design_1.bd>
INFO: [BD 41-433] 
Design successfully migrated to use XCI files...
open_bd_design: Time (s): cpu = 00:00:12 ; elapsed = 00:00:08 . Memory (MB): peak = 770.313 ; gain = 13.445
exit
INFO: [Common 17-206] Exiting Vivado at Wed Apr 17 17:47:44 2019...
