#-----------------------------------------------------------
# Vivado v2015.4 (64-bit)
# SW Build 1412921 on Wed Nov 18 09:43:45 MST 2015
# IP Build 1412160 on Tue Nov 17 13:47:24 MST 2015
# Start of session at: Mon Jun 17 00:54:01 2019
# Process ID: 23156
# Current directory: C:/Users/13646/Desktop/timing
# Command line: vivado.exe -gui_launcher_event rodinguilauncherevent28336 C:\Users\13646\Desktop\timing\timing.xpr
# Log file: C:/Users/13646/Desktop/timing/vivado.log
# Journal file: C:/Users/13646/Desktop/timing\vivado.jou
#-----------------------------------------------------------
start_gui
open_project C:/Users/13646/Desktop/timing/timing.xpr
Scanning sources...
Finished scanning sources
WARNING: [filemgmt 56-3] IPUserFilesDir: Could not find the directory 'C:/Users/13646/Desktop/timing/timing.ip_user_files'.
WARNING: [filemgmt 56-3] IPStaticSourceDir: Could not find the directory 'C:/Users/13646/Desktop/timing/timing.ip_user_files/ipstatic'.
INFO: [IP_Flow 19-234] Refreshing IP repositories
INFO: [IP_Flow 19-1704] No user IP repositories specified
INFO: [IP_Flow 19-2313] Loaded Vivado IP repository 'C:/Users/13646/Downloads/xilinx/Vivado/2015.4/data/ip'.
exit
INFO: [Common 17-206] Exiting Vivado at Mon Jun 17 00:55:02 2019...
