#-----------------------------------------------------------
# Vivado v2015.4 (64-bit)
# SW Build 1412921 on Wed Nov 18 09:43:45 MST 2015
# IP Build 1412160 on Tue Nov 17 13:47:24 MST 2015
# Start of session at: Sun May 19 21:54:22 2019
# Process ID: 20964
# Current directory: C:/Users/13646/Desktop/ALU
# Command line: vivado.exe -gui_launcher_event rodinguilauncherevent3008 C:\Users\13646\Desktop\ALU\ALU.xpr
# Log file: C:/Users/13646/Desktop/ALU/vivado.log
# Journal file: C:/Users/13646/Desktop/ALU\vivado.jou
#-----------------------------------------------------------
start_gui
open_project C:/Users/13646/Desktop/ALU/ALU.xpr
Scanning sources...
Finished scanning sources
INFO: [IP_Flow 19-234] Refreshing IP repositories
INFO: [IP_Flow 19-1700] Loaded user IP repository 'c:/Users/13646/Desktop/ip_repo'.
INFO: [IP_Flow 19-1700] Loaded user IP repository 'c:/Users/13646/AppData/Roaming/Xilinx/ip_repo'.
INFO: [IP_Flow 19-1700] Loaded user IP repository 'c:/Users/13646/Downloads/xilinx/Vivado/2015.4/lib/XUP_LIB'.
INFO: [IP_Flow 19-1700] Loaded user IP repository 'c:/Users/13646/Downloads/xilinx/Vivado/2015.4/lib/74IP'.
INFO: [IP_Flow 19-2313] Loaded Vivado IP repository 'C:/Users/13646/Downloads/xilinx/Vivado/2015.4/data/ip'.
CRITICAL WARNING: [IP_Flow 19-1663] Duplicate IP found for 'xilinx.com:xup:xup_nand4:1.0'. The one found in IP location 'c:/Users/13646/Downloads/xilinx/Vivado/2015.4/lib/XUP_LIB/xup_nand4_1.0' will take precedence over the same IP in location c:/Users/13646/Downloads/xilinx/Vivado/2015.4/lib/74IP/xup_nand4_1
open_project: Time (s): cpu = 00:00:12 ; elapsed = 00:00:06 . Memory (MB): peak = 773.359 ; gain = 178.770
open_bd_design {C:/Users/13646/Desktop/ALU/ALU.srcs/sources_1/bd/design_1/design_1.bd}
Adding component instance block -- xilinx.com:xup:mux_8_to_1:1.0 - mux_8_to_1_0
Adding component instance block -- xilinx.com:XUP:six_not_gate:1.0 - six_not_gate_0
Adding component instance block -- xilinx.com:XUP:four_2_input_and_gate:1.0 - four_2_input_and_gate_0
Adding component instance block -- xilinx.com:XUP:four_2_input_or_gate:1.0 - four_2_input_or_gate_0
Adding component instance block -- xilinx.com:xup:mux_8_to_1:1.0 - mux_8_to_1_1
Adding component instance block -- xilinx.com:XUP:six_not_gate:1.0 - six_not_gate_1
Adding component instance block -- xilinx.com:XUP:tri_3_input_and_gate:1.0 - tri_3_input_and_gate_0
Adding component instance block -- xilinx.com:xup:xup_xor2:1.0 - xup_xor2_0
Adding component instance block -- xilinx.com:xup:xup_xor2:1.0 - xup_xor2_1
Successfully read diagram <design_1> from BD file <C:/Users/13646/Desktop/ALU/ALU.srcs/sources_1/bd/design_1/design_1.bd>
exit
INFO: [Common 17-206] Exiting Vivado at Sun May 19 21:59:50 2019...
